2017-07-10 14:11:21|用户名:gamebu|动作:添加用户|事件:juanjie|钱款:0
2017-07-10 14:16:43|用户名:gamebu|动作:添加用户|事件:lude|钱款:0
2017-07-10 14:41:22|用户名:yuefei|动作:额度调整|事件:用户fuzong额度已由12000.0调整为30000.0|钱款:0
2017-07-10 15:31:05|用户名:gamebu|动作:用户冻结/解冻|事件:用户juanjie状态已由active调整为freeze|钱款:0
2017-07-10 15:31:19|用户名:gamebu|动作:用户冻结/解冻|事件:用户juanjie状态已由freeze调整为active|钱款:0
2017-07-10 15:32:14|用户名:gamebu|动作:额度调整|事件:用户juanjie额度已由28000.0调整为100.0|钱款:0
2017-07-10 16:01:09|用户名:gamebu|动作:用户冻结/解冻|事件:用户juanjie状态已由active调整为freeze|钱款:0
2017-07-10 16:01:34|用户名:gamebu|动作:添加用户|事件:zhaozhao|钱款:0
2017-07-10 16:12:53|用户名:yuefei|动作:额度调整|事件:用户juanjie额度已由100.0调整为12000.0|钱款:0
2017-07-10 16:16:52|用户名:yuefei|动作:额度调整|事件:用户zhaozhao额度已由12000.0调整为20000.0|钱款:0
2017-07-10 16:17:12|用户名:yuefei|动作:额度调整|事件:用户zhaozhao额度已由20000.0调整为300.0|钱款:0
2017-07-10 17:56:22|用户名:dongge|动作:转账转出|事件:转出给zhaozhao|钱款:200.5
2017-07-10 17:56:22|用户名:zhaozhao|动作:转账转入|事件:转自于dongge|钱款:200.5
2017-07-10 17:58:36|用户名:dongge|动作:转账转出|事件:转出给zhaozhao|钱款:200.88
2017-07-10 17:58:36|用户名:zhaozhao|动作:转账转入|事件:转自于dongge|钱款:200.88
2017-07-10 18:01:20|用户名:dongge|动作:转账转出|事件:转出给zhaozhao|钱款:88.0
2017-07-10 18:01:20|用户名:zhaozhao|动作:转账转入|事件:转自于dongge|钱款:88.0
2017-07-10 18:02:21|用户名:dongge|动作:转账转出|事件:转出给fuzong|钱款:2000.0
2017-07-10 18:02:21|用户名:fuzong|动作:转账转入|事件:转自于dongge|钱款:2000.0
2017-07-10 18:33:37|用户名:fuzong|动作:还款|事件:主动还款|钱款:2000
2017-07-10 18:34:07|用户名:fuzong|动作:转账转出|事件:转出给dongge|钱款:1000.0
2017-07-10 18:34:07|用户名:dongge|动作:转账转入|事件:转自于fuzong|钱款:1000.0
2017-07-10 18:36:05|用户名:dongge|动作:还款|事件:主动还款|钱款:2000
2017-07-11 09:53:33|用户名:dongge|动作:还款|事件:主动还款|钱款:300
